 
												  
    ...........DUBLIN LANGUAGE ............	            
											            
      ________       ___     __   __			            
      \______ \  ____\  |__ |  | |__| ____		        
       |    |  \|  |  \ __ \|  | |  |/    \	        
       |    |   \  |  / \_\ \  |_|  |   |  \	        
      /_________/____/|____ /____/__|___|  /		        
      _____________________________________		        

                  ***        ***				         
              ***....**    **...***                   
             **........** **.......**                 
      ***    **..........*.........**    ***          
    **.....**  **..................**  **.....**      
  **.........**  **..............**  **.........**    
  **.........**  **..............**  **.........**    
  **.........**  **..............**  **.........**    
 *..............*   *..........*   *..............*   
  **..............*   *......*   *..............**    
    **..............** *....* **..............**      
      *......................................*        
    **..............**........**..............**      
  **..............*    *....*....*..............**    
 *..............*    *........* ...*..............*   
  **.........**    *............* ...**.........**    
    **.....**   **...............**....**.....**      
       ***    **...................**.....***         
            **...........*...........**....*          
             **.........* *.........** *......*..*..* 
               *......**   **......*     *........*   
                 **  *       * **           *...*     
                                               *      
                                                      
 ............ ALGONQUIN COLLEGE - 2022F ............. 
 ____________________________________________________ 

[Option 'R': Starting READER .....]

Reading file INPUT5_General.boa ....Please wait
The input file INPUT5_General.boa has not been completely loaded.
Current size of buffer: 250.
Last character read from the input file is: % 37
Input file size: 687

Printing buffer parameters:

The capacity of the buffer is:  250
The current size of the buffer is:  250
The operational mode of the buffer is: f
The increment factor of the buffer is:  10
The first symbol in the buffer is:  #
The value of the flags field is: 0C
Number of different chars read: 54

Printing buffer contents:

# SOFIA Example
The program is "lexically" correct and should not generate any error (based on Platypus from Svillen Ranev) #
main& {
	data {
		int i$;
		real a%, sum008%;
		string text@;
	}
	code {
		a%=+1.2;
		sum008% = 7.87050 ;
		input&(a%,sum008